<?xml version="1.0" encoding="UTF-8"?>
<!-- Generated by org.testng.reporters.JUnitReportReporter -->
<testsuite hostname="dell-vostro-2520" failures="0" tests="2" name="com.amazon.qa.testcases.WomenShoesTest" time="36.785" errors="0" timestamp="2020-02-11T21:57:14 IST" skipped="0">
  <testcase classname="com.amazon.qa.testcases.WomenShoesTest" name="openFashionSandals" time="19.625"/>
  <testcase classname="com.amazon.qa.testcases.WomenShoesTest" name="openEthnicSandals" time="17.160"/>
</testsuite> <!-- com.amazon.qa.testcases.WomenShoesTest -->
