<?xml version="1.0" encoding="UTF-8"?>
<!-- Generated by org.testng.reporters.JUnitReportReporter -->
<testsuite hostname="dell-vostro-2520" failures="0" tests="1" name="com.amazon.qa.testcases.HomePageTest" time="17.182" errors="0" timestamp="2020-02-11T22:04:37 IST" skipped="0">
  <testcase classname="com.amazon.qa.testcases.HomePageTest" name="SearchWomenFashionTest" time="17.182"/>
</testsuite> <!-- com.amazon.qa.testcases.HomePageTest -->
