<?xml version="1.0" encoding="UTF-8"?>
<!-- Generated by org.testng.reporters.JUnitReportReporter -->
<testsuite hostname="Desktop" failures="0" tests="2" name="com.amazon.qa.testcases.WomenShoesTest" time="28.422" errors="0" timestamp="2020-01-29T18:30:27 IST" skipped="0">
  <testcase classname="com.amazon.qa.testcases.WomenShoesTest" name="openFashionSandals" time="15.328"/>
  <testcase classname="com.amazon.qa.testcases.WomenShoesTest" name="openEthnicSandals" time="13.094"/>
</testsuite> <!-- com.amazon.qa.testcases.WomenShoesTest -->
