<?xml version="1.0" encoding="UTF-8"?>
<!-- Generated by org.testng.reporters.JUnitReportReporter -->
<testsuite hostname="dell-vostro-2520" failures="0" tests="1" name="com.amazon.qa.testcases.WomenEthnicFootwearTest" time="25.628" errors="0" timestamp="2020-02-11T21:57:14 IST" skipped="0">
  <testcase classname="com.amazon.qa.testcases.WomenEthnicFootwearTest" name="FilterSandals" time="25.628"/>
</testsuite> <!-- com.amazon.qa.testcases.WomenEthnicFootwearTest -->
