<?xml version="1.0" encoding="UTF-8"?>
<!-- Generated by org.testng.reporters.JUnitReportReporter -->
<testsuite hostname="Desktop" failures="0" tests="1" name="com.amazon.qa.testcases.WomenFashionSandlesTest" time="34.312" errors="0" timestamp="2020-01-29T14:11:41 IST" skipped="0">
  <testcase classname="com.amazon.qa.testcases.WomenFashionSandlesTest" name="FilterSandals" time="34.312"/>
</testsuite> <!-- com.amazon.qa.testcases.WomenFashionSandlesTest -->
