<?xml version="1.0" encoding="UTF-8"?>
<!-- Generated by org.testng.reporters.JUnitReportReporter -->
<testsuite hostname="Desktop" failures="0" tests="1" name="com.amazon.qa.testcases.WomenEthnicFootwearTest" time="27.262" errors="0" timestamp="2020-01-29T14:19:32 IST" skipped="0">
  <testcase classname="com.amazon.qa.testcases.WomenEthnicFootwearTest" name="FilterSandals" time="27.262"/>
</testsuite> <!-- com.amazon.qa.testcases.WomenEthnicFootwearTest -->
