<?xml version="1.0" encoding="UTF-8"?>
<!-- Generated by org.testng.reporters.JUnitReportReporter -->
<testsuite hostname="dell-vostro-2520" failures="0" tests="1" name="com.amazon.qa.testcases.HomePageTest" time="21.365" errors="0" timestamp="2020-03-01T18:49:14 IST" skipped="0">
  <testcase classname="com.amazon.qa.testcases.HomePageTest" name="SearchWomenFashionTest" time="21.365"/>
</testsuite> <!-- com.amazon.qa.testcases.HomePageTest -->
