<?xml version="1.0" encoding="UTF-8"?>
<!-- Generated by org.testng.reporters.JUnitReportReporter -->
<testsuite hostname="dell-vostro-2520" failures="0" tests="1" name="com.amazon.qa.testcases.WomenFashionSandlesTest" time="28.957" errors="0" timestamp="2020-02-11T21:57:14 IST" skipped="0">
  <testcase classname="com.amazon.qa.testcases.WomenFashionSandlesTest" name="FilterSandals" time="28.957"/>
</testsuite> <!-- com.amazon.qa.testcases.WomenFashionSandlesTest -->
